app/build/intermediates/manifest_merge_blame_file/debug/manifest-merger-blame-debug-report.txt
1<?xml version="1.0" encoding="utf-8"?>
2<manifest xmlns:android="http://schemas.android.com/apk/res/android"
3    package="com.itoko.pos"
4    android:versionCode="1"
5    android:versionName="1.0" >
6
7    <uses-sdk
8        android:minSdkVersion="24"
9        android:targetSdkVersion="34" />
10
11    <permission
11-->[androidx.core:core:1.12.0] AndroidManifest.xml:22:5-24:47
12        android:name="com.itoko.pos.DYNAMIC_RECEIVER_NOT_EXPORTED_PERMISSION"
12-->[androidx.core:core:1.12.0] AndroidManifest.xml:23:9-81
13        android:protectionLevel="signature" />
13-->[androidx.core:core:1.12.0] AndroidManifest.xml:24:9-44
14
15    <uses-permission android:name="com.itoko.pos.DYNAMIC_RECEIVER_NOT_EXPORTED_PERMISSION" />
15-->[androidx.core:core:1.12.0] AndroidManifest.xml:26:5-97
15-->[androidx.core:core:1.12.0] AndroidManifest.xml:26:22-94
16
17    <application
17-->src\main\AndroidManifest.xml:4:5-16:19
18        android:allowBackup="true"
18-->src\main\AndroidManifest.xml:5:9-35
19        android:appComponentFactory="androidx.core.app.CoreComponentFactory"
19-->[androidx.core:core:1.12.0] AndroidManifest.xml:28:18-86
20        android:debuggable="true"
21        android:extractNativeLibs="false"
22        android:label="iToko"
22-->src\main\AndroidManifest.xml:6:9-30
23        android:testOnly="true"
24        android:theme="@android:style/Theme.Material.Light.NoActionBar" >
24-->src\main\AndroidManifest.xml:7:9-72
25        <activity
25-->src\main\AndroidManifest.xml:8:9-15:20
26            android:name="com.itoko.pos.MainActivity"
26-->src\main\AndroidManifest.xml:9:13-41
27            android:exported="true" >
27-->src\main\AndroidManifest.xml:10:13-36
28            <intent-filter>
28-->src\main\AndroidManifest.xml:11:13-14:29
29                <action android:name="android.intent.action.MAIN" />
29-->src\main\AndroidManifest.xml:12:17-69
29-->src\main\AndroidManifest.xml:12:25-66
30
31                <category android:name="android.intent.category.LAUNCHER" />
31-->src\main\AndroidManifest.xml:13:17-77
31-->src\main\AndroidManifest.xml:13:27-74
32            </intent-filter>
33        </activity>
34
35        <provider
35-->[androidx.emoji2:emoji2:1.4.0] AndroidManifest.xml:24:9-32:20
36            android:name="androidx.startup.InitializationProvider"
36-->[androidx.emoji2:emoji2:1.4.0] AndroidManifest.xml:25:13-67
37            android:authorities="com.itoko.pos.androidx-startup"
37-->[androidx.emoji2:emoji2:1.4.0] AndroidManifest.xml:26:13-68
38            android:exported="false" >
38-->[androidx.emoji2:emoji2:1.4.0] AndroidManifest.xml:27:13-37
39            <meta-data
39-->[androidx.emoji2:emoji2:1.4.0] AndroidManifest.xml:29:13-31:52
40                android:name="androidx.emoji2.text.EmojiCompatInitializer"
40-->[androidx.emoji2:emoji2:1.4.0] AndroidManifest.xml:30:17-75
41                android:value="androidx.startup" />
41-->[androidx.emoji2:emoji2:1.4.0] AndroidManifest.xml:31:17-49
42            <meta-data
42-->[androidx.lifecycle:lifecycle-process:2.7.0] AndroidManifest.xml:29:13-31:52
43                android:name="androidx.lifecycle.ProcessLifecycleInitializer"
43-->[androidx.lifecycle:lifecycle-process:2.7.0] AndroidManifest.xml:30:17-78
44                android:value="androidx.startup" />
44-->[androidx.lifecycle:lifecycle-process:2.7.0] AndroidManifest.xml:31:17-49
45            <meta-data
45-->[androidx.profileinstaller:profileinstaller:1.3.0] AndroidManifest.xml:29:13-31:52
46                android:name="androidx.profileinstaller.ProfileInstallerInitializer"
46-->[androidx.profileinstaller:profileinstaller:1.3.0] AndroidManifest.xml:30:17-85
47                android:value="androidx.startup" />
47-->[androidx.profileinstaller:profileinstaller:1.3.0] AndroidManifest.xml:31:17-49
48        </provider>
49
50        <activity
50-->[androidx.compose.ui:ui-test-manifest:1.5.4] AndroidManifest.xml:23:9-25:39
51            android:name="androidx.activity.ComponentActivity"
51-->[androidx.compose.ui:ui-test-manifest:1.5.4] AndroidManifest.xml:24:13-63
52            android:exported="true" />
52-->[androidx.compose.ui:ui-test-manifest:1.5.4] AndroidManifest.xml:25:13-36
53        <activity
53-->[androidx.compose.ui:ui-tooling-android:1.5.4] AndroidManifest.xml:23:9-25:39
54            android:name="androidx.compose.ui.tooling.PreviewActivity"
54-->[androidx.compose.ui:ui-tooling-android:1.5.4] AndroidManifest.xml:24:13-71
55            android:exported="true" />
55-->[androidx.compose.ui:ui-tooling-android:1.5.4] AndroidManifest.xml:25:13-36
56
57        <service
57-->[androidx.room:room-runtime:2.6.1] AndroidManifest.xml:24:9-28:63
58            android:name="androidx.room.MultiInstanceInvalidationService"
58-->[androidx.room:room-runtime:2.6.1] AndroidManifest.xml:25:13-74
59            android:directBootAware="true"
59-->[androidx.room:room-runtime:2.6.1] AndroidManifest.xml:26:13-43
60            android:exported="false" />
60-->[androidx.room:room-runtime:2.6.1] AndroidManifest.xml:27:13-37
61
62        <receiver
62-->[androidx.profileinstaller:profileinstaller:1.3.0] AndroidManifest.xml:34:9-52:20
63            android:name="androidx.profileinstaller.ProfileInstallReceiver"
63-->[androidx.profileinstaller:profileinstaller:1.3.0] AndroidManifest.xml:35:13-76
64            android:directBootAware="false"
64-->[androidx.profileinstaller:profileinstaller:1.3.0] AndroidManifest.xml:36:13-44
65            android:enabled="true"
65-->[androidx.profileinstaller:profileinstaller:1.3.0] AndroidManifest.xml:37:13-35
66            android:exported="true"
66-->[androidx.profileinstaller:profileinstaller:1.3.0] AndroidManifest.xml:38:13-36
67            android:permission="android.permission.DUMP" >
67-->[androidx.profileinstaller:profileinstaller:1.3.0] AndroidManifest.xml:39:13-57
68            <intent-filter>
68-->[androidx.profileinstaller:profileinstaller:1.3.0] AndroidManifest.xml:40:13-42:29
69                <action android:name="androidx.profileinstaller.action.INSTALL_PROFILE" />
69-->[androidx.profileinstaller:profileinstaller:1.3.0] AndroidManifest.xml:41:17-91
69-->[androidx.profileinstaller:profileinstaller:1.3.0] AndroidManifest.xml:41:25-88
70            </intent-filter>
71            <intent-filter>
71-->[androidx.profileinstaller:profileinstaller:1.3.0] AndroidManifest.xml:43:13-45:29
72                <action android:name="androidx.profileinstaller.action.SKIP_FILE" />
72-->[androidx.profileinstaller:profileinstaller:1.3.0] AndroidManifest.xml:44:17-85
72-->[androidx.profileinstaller:profileinstaller:1.3.0] AndroidManifest.xml:44:25-82
73            </intent-filter>
74            <intent-filter>
74-->[androidx.profileinstaller:profileinstaller:1.3.0] AndroidManifest.xml:46:13-48:29
75                <action android:name="androidx.profileinstaller.action.SAVE_PROFILE" />
75-->[androidx.profileinstaller:profileinstaller:1.3.0] AndroidManifest.xml:47:17-88
75-->[androidx.profileinstaller:profileinstaller:1.3.0] AndroidManifest.xml:47:25-85
76            </intent-filter>
77            <intent-filter>
77-->[androidx.profileinstaller:profileinstaller:1.3.0] AndroidManifest.xml:49:13-51:29
78                <action android:name="androidx.profileinstaller.action.BENCHMARK_OPERATION" />
78-->[androidx.profileinstaller:profileinstaller:1.3.0] AndroidManifest.xml:50:17-95
78-->[androidx.profileinstaller:profileinstaller:1.3.0] AndroidManifest.xml:50:25-92
79            </intent-filter>
80        </receiver>
81    </application>
82
83</manifest>